<?xml version="1.0" encoding="UTF-8"?>

<beans xmlns="http://www.springframework.org/schema/beans"
        xmlns:xsi="http://www.w3.org/2001/XMLSchema-instance"
        xmlns:p="http://www.springframework.org/schema/p"
        xsi:schemaLocation="
            http://www.springframework.org/schema/beans
            http://www.springframework.org/schema/beans/spring-beans.xsd
            ">

    <import resource="./datasource-config.xml" />

    <!-- TransactionManager -->
    <bean id="transactionManager" class="org.springframework.orm.jpa.JpaTransactionManager"
            p:entityManagerFactory-ref="entityManagerFactory" />

</beans>
